#
# A fatal error has been detected by the Java Runtime Environment:
#
#  EXCEPTION_ACCESS_VIOLATION (0xc0000005) at pc=0x00000000777a91df, pid=18248, tid=0x0000000000002a10
#
# JRE version: Java(TM) SE Runtime Environment (8.0_221-b11) (build 1.8.0_221-b11)
# Java VM: Java HotSpot(TM) 64-Bit Server VM (25.221-b11 mixed mode windows-amd64 compressed oops)
# Problematic frame:
# V  [jvm.dll+0x591df]
#
# Failed to write core dump. Minidumps are not enabled by default on client versions of Windows
#
# If you would like to submit a bug report, please visit:
#   http://bugreport.java.com/bugreport/crash.jsp
#

---------------  T H R E A D  ---------------

Current thread (0x0000000026c11800):  JavaThread "restartedMain" [_thread_in_vm, id=10768, stack(0x000000002aef0000,0x000000002aff0000)]

siginfo: ExceptionCode=0xc0000005, reading address 0x000000002ae61110

Registers:
RAX=0x000000002ade1868, RBX=0x0000000026c11800, RCX=0x000000000000ff0b, RDX=0x0000000026ec2b81
RSP=0x000000002afecc30, RBP=0x000000002afed490, RSI=0x000000002afed270, RDI=0x0000000000000000
R8 =0x000000000000ff0b, R9 =0x0000000000000000, R10=0x0000000000000000, R11=0x0000000000000000
R12=0x000000000000ff0b, R13=0x0000000000000000, R14=0x000000000000000c, R15=0x0000000000000000
RIP=0x00000000777a91df, EFLAGS=0x0000000000010246

Top of Stack: (sp=0x000000002afecc30)
0x000000002afecc30:   0000000026c11800 000000002afed270
0x000000002afecc40:   0000000026c11800 000000002afed490
0x000000002afecc50:   0000000000000000 0000000026c11800
0x000000002afecc60:   0000000000000000 0000000000000bff
0x000000002afecc70:   0000000000000000 0000000000000000
0x000000002afecc80:   0000000000000000 0000000000000000
0x000000002afecc90:   0000000000000000 0000000000000000
0x000000002afecca0:   00004d06c6839259 0000000000000001
0x000000002afeccb0:   000000000000000d 0000000000000000
0x000000002afeccc0:   000000000000000d 000000002afed270
0x000000002afeccd0:   000000002afed490 000000002afecdf0
0x000000002afecce0:   0000000000000000 00000000777a98ef
0x000000002afeccf0:   0000000000000000 000000002afecd00
0x000000002afecd00:   000000002afed400 000000076c98000d
0x000000002afecd10:   000000002afecd74 000000002afecd48
0x000000002afecd20:   000000002afecd78 000000002afecdf8 

Instructions: (pc=0x00000000777a91df)
0x00000000777a91bf:   e8 0c 67 ff ff 48 83 7b 08 00 0f 85 4b 03 00 00
0x00000000777a91cf:   80 bc 24 d0 00 00 00 00 48 8b 46 50 41 0f b7 cc
0x00000000777a91df:   48 8b 54 c8 50 0f 84 99 00 00 00 48 3b 15 47 4f
0x00000000777a91ef:   7a 00 0f 85 8c 00 00 00 66 45 85 ed 74 1d 48 8d 


Register to memory mapping:

RAX=0x000000002ade1868 is pointing into metadata
RBX=0x0000000026c11800 is a thread
RCX=0x000000000000ff0b is an unknown value
RDX=0x0000000026ec2b81 is pointing into metadata
RSP=0x000000002afecc30 is pointing into the stack for thread: 0x0000000026c11800
RBP=0x000000002afed490 is pointing into the stack for thread: 0x0000000026c11800
RSI=0x000000002afed270 is pointing into the stack for thread: 0x0000000026c11800
RDI=0x0000000000000000 is an unknown value
R8 =0x000000000000ff0b is an unknown value
R9 =0x0000000000000000 is an unknown value
R10=0x0000000000000000 is an unknown value
R11=0x0000000000000000 is an unknown value
R12=0x000000000000ff0b is an unknown value
R13=0x0000000000000000 is an unknown value
R14=0x000000000000000c is an unknown value
R15=0x0000000000000000 is an unknown value


Stack: [0x000000002aef0000,0x000000002aff0000],  sp=0x000000002afecc30,  free space=1011k
Native frames: (J=compiled Java code, j=interpreted, Vv=VM code, C=native code)
V  [jvm.dll+0x591df]
V  [jvm.dll+0x598ef]
V  [jvm.dll+0x5da5a]
V  [jvm.dll+0x7cd64]
V  [jvm.dll+0x192c21]
V  [jvm.dll+0x192fbb]
C  [java.dll+0x1751]
C  0x0000000002fc5865

Java frames: (J=compiled Java code, j=interpreted, Vv=VM code)
J 758  java.lang.ClassLoader.defineClass1(Ljava/lang/String;[BIILjava/security/ProtectionDomain;Ljava/lang/String;)Ljava/lang/Class; (0 bytes) @ 0x0000000002fc57df [0x0000000002fc5740+0x9f]
J 736 C1 java.lang.ClassLoader.defineClass(Ljava/lang/String;[BIILjava/security/ProtectionDomain;)Ljava/lang/Class; (43 bytes) @ 0x0000000002fbccac [0x0000000002fbcba0+0x10c]
J 739 C1 java.net.URLClassLoader.defineClass(Ljava/lang/String;Lsun/misc/Resource;)Ljava/lang/Class; (142 bytes) @ 0x0000000002fbf124 [0x0000000002fbe740+0x9e4]
J 686 C1 java.net.URLClassLoader$1.run()Ljava/lang/Class; (63 bytes) @ 0x0000000002fa268c [0x0000000002fa25c0+0xcc]
J 685 C1 java.net.URLClassLoader$1.run()Ljava/lang/Object; (5 bytes) @ 0x0000000002fa2294 [0x0000000002fa2260+0x34]
v  ~StubRoutines::call_stub
J 244  java.security.AccessController.doPrivileged(Ljava/security/PrivilegedExceptionAction;Ljava/security/AccessControlContext;)Ljava/lang/Object; (0 bytes) @ 0x0000000002ef5026 [0x0000000002ef4fc0+0x66]
J 661 C1 java.net.URLClassLoader.findClass(Ljava/lang/String;)Ljava/lang/Class; (47 bytes) @ 0x0000000002f92f84 [0x0000000002f92ec0+0xc4]
J 2089 C1 org.springframework.boot.devtools.restart.classloader.RestartClassLoader.findClass(Ljava/lang/String;)Ljava/lang/Class; (69 bytes) @ 0x00000000031d4214 [0x00000000031d40a0+0x174]
J 11514 C1 org.springframework.boot.devtools.restart.classloader.RestartClassLoader.loadClass(Ljava/lang/String;Z)Ljava/lang/Class; (119 bytes) @ 0x00000000041a34b4 [0x00000000041a31c0+0x2f4]
J 634 C1 java.lang.ClassLoader.loadClass(Ljava/lang/String;)Ljava/lang/Class; (7 bytes) @ 0x0000000002f84664 [0x0000000002f84620+0x44]
v  ~StubRoutines::call_stub
J 790  java.lang.Class.forName0(Ljava/lang/String;ZLjava/lang/ClassLoader;Ljava/lang/Class;)Ljava/lang/Class; (0 bytes) @ 0x0000000002fd5d87 [0x0000000002fd5d00+0x87]
J 874 C1 java.lang.Class.forName(Ljava/lang/String;ZLjava/lang/ClassLoader;)Ljava/lang/Class; (53 bytes) @ 0x0000000002ff2e6c [0x0000000002ff2d40+0x12c]
j  org.springframework.boot.devtools.restart.RestartLauncher.run()V+9
v  ~StubRoutines::call_stub

---------------  P R O C E S S  ---------------

Java Threads: ( => current thread )
=>0x0000000026c11800 JavaThread "restartedMain" [_thread_in_vm, id=10768, stack(0x000000002aef0000,0x000000002aff0000)]
  0x0000000026c10800 JavaThread "File Watcher" daemon [_thread_blocked, id=15880, stack(0x0000000029820000,0x0000000029920000)]
  0x0000000026c09000 JavaThread "File Watcher" daemon [_thread_in_native, id=17152, stack(0x0000000028520000,0x0000000028620000)]
  0x0000000026c0d800 JavaThread "File Watcher" daemon [_thread_in_native, id=16280, stack(0x0000000025d50000,0x0000000025e50000)]
  0x0000000026c0f000 JavaThread "File Watcher" daemon [_thread_blocked, id=17392, stack(0x0000000025850000,0x0000000025950000)]
  0x0000000026c0b800 JavaThread "File Watcher" daemon [_thread_blocked, id=14616, stack(0x0000000024950000,0x0000000024a50000)]
  0x0000000026c0e800 JavaThread "File Watcher" daemon [_thread_in_native, id=17684, stack(0x0000000024d50000,0x0000000024e50000)]
  0x0000000026c0a800 JavaThread "File Watcher" daemon [_thread_blocked, id=14188, stack(0x0000000022580000,0x0000000022680000)]
  0x0000000026c0c000 JavaThread "File Watcher" daemon [_thread_blocked, id=1708, stack(0x0000000024a50000,0x0000000024b50000)]
  0x0000000026c0a000 JavaThread "File Watcher" daemon [_thread_blocked, id=16756, stack(0x0000000000f70000,0x0000000001070000)]
  0x0000000026c10000 JavaThread "Thread-12" [_thread_blocked, id=12144, stack(0x0000000000d70000,0x0000000000e70000)]
  0x00000000263c9800 JavaThread "Java2D Disposer" daemon [_thread_blocked, id=17052, stack(0x0000000029420000,0x0000000029520000)]
  0x00000000263c7000 JavaThread "DestroyJavaVM" [_thread_blocked, id=3316, stack(0x0000000002b90000,0x0000000002c90000)]
  0x00000000242a0800 JavaThread "Live Reload Server" daemon [_thread_in_native, id=14108, stack(0x0000000027c20000,0x0000000027d20000)]
  0x000000002048c800 JavaThread "RMI TCP Accept-0" daemon [_thread_in_native, id=12104, stack(0x0000000020870000,0x0000000020970000)]
  0x000000002047b800 JavaThread "RMI TCP Accept-52270" daemon [_thread_in_native, id=9256, stack(0x0000000020770000,0x0000000020870000)]
  0x000000002046b800 JavaThread "RMI TCP Accept-0" daemon [_thread_in_native, id=14096, stack(0x0000000020670000,0x0000000020770000)]
  0x000000001e08f000 JavaThread "Service Thread" daemon [_thread_blocked, id=4232, stack(0x000000001fa30000,0x000000001fb30000)]
  0x000000001dff5000 JavaThread "C1 CompilerThread3" daemon [_thread_blocked, id=17256, stack(0x000000001f930000,0x000000001fa30000)]
  0x000000001dff3800 JavaThread "C2 CompilerThread2" daemon [_thread_blocked, id=10056, stack(0x000000001f830000,0x000000001f930000)]
  0x000000001dfe6000 JavaThread "C2 CompilerThread1" daemon [_thread_blocked, id=17332, stack(0x000000001f730000,0x000000001f830000)]
  0x000000001dfe2000 JavaThread "C2 CompilerThread0" daemon [_thread_blocked, id=14472, stack(0x000000001f630000,0x000000001f730000)]
  0x000000001dfe1000 JavaThread "Attach Listener" daemon [_thread_blocked, id=2400, stack(0x000000001f530000,0x000000001f630000)]
  0x000000001dfda000 JavaThread "Signal Dispatcher" daemon [_thread_blocked, id=14232, stack(0x000000001f430000,0x000000001f530000)]
  0x000000001c905800 JavaThread "Finalizer" daemon [_thread_blocked, id=17528, stack(0x000000001f230000,0x000000001f330000)]
  0x000000001dfc3000 JavaThread "Reference Handler" daemon [_thread_blocked, id=17124, stack(0x000000001f130000,0x000000001f230000)]

Other Threads:
  0x000000001dfa2800 VMThread [stack: 0x000000001f030000,0x000000001f130000] [id=8348]
  0x000000002048e000 WatcherThread [stack: 0x0000000020970000,0x0000000020a70000] [id=16808]

VM state:not at safepoint (normal execution)

VM Mutex/Monitor currently owned by a thread: None

heap address: 0x00000006c3800000, size: 4040 MB, Compressed Oops mode: Zero based, Oop shift amount: 3
Narrow klass base: 0x0000000000000000, Narrow klass shift: 3
Compressed class space size: 1073741824 Address: 0x00000007c0000000

Heap:
 PSYoungGen      total 63488K, used 42058K [0x000000076bd80000, 0x0000000772380000, 0x00000007c0000000)
  eden space 32256K, 41% used [0x000000076bd80000,0x000000076ca6e890,0x000000076dd00000)
  from space 31232K, 92% used [0x000000076fe80000,0x0000000771aa4020,0x0000000771d00000)
  to   space 34304K, 0% used [0x000000076dd00000,0x000000076dd00000,0x000000076fe80000)
 ParOldGen       total 241152K, used 212683K [0x00000006c3800000, 0x00000006d2380000, 0x000000076bd80000)
  object space 241152K, 88% used [0x00000006c3800000,0x00000006d07b2f30,0x00000006d2380000)
 Metaspace       used 105985K, capacity 111454K, committed 111512K, reserved 1146880K
  class space    used 13189K, capacity 14244K, committed 14248K, reserved 1048576K

Card table byte_map: [0x0000000012150000,0x0000000012940000] byte_map_base: 0x000000000eb34000

Marking Bits: (ParMarkBitMap*) 0x0000000077f75ce0
 Begin Bits: [0x0000000013890000, 0x00000000177b0000)
 End Bits:   [0x00000000177b0000, 0x000000001b6d0000)

Polling page: 0x00000000011e0000

CodeCache: size=245760Kb used=29384Kb max_used=29384Kb free=216375Kb
 bounds [0x0000000002d90000, 0x0000000004a50000, 0x0000000011d90000]
 total_blobs=15975 nmethods=15245 adapters=640
 compilation: enabled

Compilation events (10 events):
Event: 61945.369 Thread 0x000000001dff5000 15453  s!   1       org.apache.catalina.util.LifecycleBase::init (64 bytes)
Event: 61945.370 Thread 0x000000001dff5000 nmethod 15453 0x0000000004a455d0 code [0x0000000004a45780, 0x0000000004a45c98]
Event: 61945.373 Thread 0x000000001dff5000 15454       1       org.apache.tomcat.util.modeler.NoDescriptorRegistry::unregisterComponent (1 bytes)
Event: 61945.373 Thread 0x000000001dff5000 nmethod 15454 0x0000000004a45f10 code [0x0000000004a46060, 0x0000000004a46170]
Event: 61945.385 Thread 0x000000001dff5000 15455       1       org.springframework.boot.diagnostics.AbstractFailureAnalyzer::findCause (24 bytes)
Event: 61945.385 Thread 0x000000001dff5000 nmethod 15455 0x0000000004a461d0 code [0x0000000004a46340, 0x0000000004a464e8]
Event: 61945.743 Thread 0x000000001dff5000 15456   !   1       java.util.concurrent.ThreadPoolExecutor::checkShutdownAccess (81 bytes)
Event: 61945.744 Thread 0x000000001dff5000 nmethod 15456 0x0000000004a465d0 code [0x0000000004a467e0, 0x0000000004a46c38]
Event: 61945.744 Thread 0x000000001dff5000 15457       1       java.util.concurrent.ThreadPoolExecutor::advanceRunState (42 bytes)
Event: 61945.744 Thread 0x000000001dff5000 nmethod 15457 0x0000000004a47250 code [0x0000000004a473a0, 0x0000000004a47530]

GC Heap History (10 events):
Event: 62222.103 GC heap before
{Heap before GC invocations=10183 (full 5):
 PSYoungGen      total 54272K, used 54256K [0x000000076bd80000, 0x0000000770400000, 0x00000007c0000000)
  eden space 38400K, 100% used [0x000000076bd80000,0x000000076e300000,0x000000076e300000)
  from space 15872K, 99% used [0x000000076e300000,0x000000076f27c070,0x000000076f280000)
  to   space 16896K, 0% used [0x000000076f380000,0x000000076f380000,0x0000000770400000)
 ParOldGen       total 241152K, used 196891K [0x00000006c3800000, 0x00000006d2380000, 0x000000076bd80000)
  object space 241152K, 81% used [0x00000006c3800000,0x00000006cf846e00,0x00000006d2380000)
 Metaspace       used 105984K, capacity 111448K, committed 111512K, reserved 1146880K
  class space    used 13189K, capacity 14242K, committed 14248K, reserved 1048576K
Event: 62222.110 GC heap after
Heap after GC invocations=10183 (full 5):
 PSYoungGen      total 53248K, used 16880K [0x000000076bd80000, 0x0000000770800000, 0x00000007c0000000)
  eden space 36352K, 0% used [0x000000076bd80000,0x000000076bd80000,0x000000076e100000)
  from space 16896K, 99% used [0x000000076f380000,0x00000007703fc070,0x0000000770400000)
  to   space 18944K, 0% used [0x000000076e100000,0x000000076e100000,0x000000076f380000)
 ParOldGen       total 241152K, used 199243K [0x00000006c3800000, 0x00000006d2380000, 0x000000076bd80000)
  object space 241152K, 82% used [0x00000006c3800000,0x00000006cfa92e00,0x00000006d2380000)
 Metaspace       used 105984K, capacity 111448K, committed 111512K, reserved 1146880K
  class space    used 13189K, capacity 14242K, committed 14248K, reserved 1048576K
}
Event: 62223.096 GC heap before
{Heap before GC invocations=10184 (full 5):
 PSYoungGen      total 53248K, used 53232K [0x000000076bd80000, 0x0000000770800000, 0x00000007c0000000)
  eden space 36352K, 100% used [0x000000076bd80000,0x000000076e100000,0x000000076e100000)
  from space 16896K, 99% used [0x000000076f380000,0x00000007703fc070,0x0000000770400000)
  to   space 18944K, 0% used [0x000000076e100000,0x000000076e100000,0x000000076f380000)
 ParOldGen       total 241152K, used 199243K [0x00000006c3800000, 0x00000006d2380000, 0x000000076bd80000)
  object space 241152K, 82% used [0x00000006c3800000,0x00000006cfa92e00,0x00000006d2380000)
 Metaspace       used 105984K, capacity 111448K, committed 111512K, reserved 1146880K
  class space    used 13189K, capacity 14242K, committed 14248K, reserved 1048576K
Event: 62223.105 GC heap after
Heap after GC invocations=10184 (full 5):
 PSYoungGen      total 55296K, used 18912K [0x000000076bd80000, 0x0000000771000000, 0x00000007c0000000)
  eden space 36352K, 0% used [0x000000076bd80000,0x000000076bd80000,0x000000076e100000)
  from space 18944K, 99% used [0x000000076e100000,0x000000076f3780b0,0x000000076f380000)
  to   space 24064K, 0% used [0x000000076f880000,0x000000076f880000,0x0000000771000000)
 ParOldGen       total 241152K, used 207715K [0x00000006c3800000, 0x00000006d2380000, 0x000000076bd80000)
  object space 241152K, 86% used [0x00000006c3800000,0x00000006d02d8e30,0x00000006d2380000)
 Metaspace       used 105984K, capacity 111448K, committed 111512K, reserved 1146880K
  class space    used 13189K, capacity 14242K, committed 14248K, reserved 1048576K
}
Event: 62224.173 GC heap before
{Heap before GC invocations=10185 (full 5):
 PSYoungGen      total 55296K, used 55264K [0x000000076bd80000, 0x0000000771000000, 0x00000007c0000000)
  eden space 36352K, 100% used [0x000000076bd80000,0x000000076e100000,0x000000076e100000)
  from space 18944K, 99% used [0x000000076e100000,0x000000076f3780b0,0x000000076f380000)
  to   space 24064K, 0% used [0x000000076f880000,0x000000076f880000,0x0000000771000000)
 ParOldGen       total 241152K, used 207715K [0x00000006c3800000, 0x00000006d2380000, 0x000000076bd80000)
  object space 241152K, 86% used [0x00000006c3800000,0x00000006d02d8e30,0x00000006d2380000)
 Metaspace       used 105984K, capacity 111448K, committed 111512K, reserved 1146880K
  class space    used 13189K, capacity 14242K, committed 14248K, reserved 1048576K
Event: 62224.184 GC heap after
Heap after GC invocations=10185 (full 5):
 PSYoungGen      total 56320K, used 24064K [0x000000076bd80000, 0x0000000771800000, 0x00000007c0000000)
  eden space 32256K, 0% used [0x000000076bd80000,0x000000076bd80000,0x000000076dd00000)
  from space 24064K, 100% used [0x000000076f880000,0x0000000771000000,0x0000000771000000)
  to   space 28160K, 0% used [0x000000076dd00000,0x000000076dd00000,0x000000076f880000)
 ParOldGen       total 241152K, used 212683K [0x00000006c3800000, 0x00000006d2380000, 0x000000076bd80000)
  object space 241152K, 88% used [0x00000006c3800000,0x00000006d07b2f30,0x00000006d2380000)
 Metaspace       used 105984K, capacity 111448K, committed 111512K, reserved 1146880K
  class space    used 13189K, capacity 14242K, committed 14248K, reserved 1048576K
}
Event: 62224.489 GC heap before
{Heap before GC invocations=10186 (full 5):
 PSYoungGen      total 56320K, used 56320K [0x000000076bd80000, 0x0000000771800000, 0x00000007c0000000)
  eden space 32256K, 100% used [0x000000076bd80000,0x000000076dd00000,0x000000076dd00000)
  from space 24064K, 100% used [0x000000076f880000,0x0000000771000000,0x0000000771000000)
  to   space 28160K, 0% used [0x000000076dd00000,0x000000076dd00000,0x000000076f880000)
 ParOldGen       total 241152K, used 212683K [0x00000006c3800000, 0x00000006d2380000, 0x000000076bd80000)
  object space 241152K, 88% used [0x00000006c3800000,0x00000006d07b2f30,0x00000006d2380000)
 Metaspace       used 105984K, capacity 111448K, committed 111512K, reserved 1146880K
  class space    used 13189K, capacity 14242K, committed 14248K, reserved 1048576K
Event: 62224.499 GC heap after
Heap after GC invocations=10186 (full 5):
 PSYoungGen      total 60416K, used 26768K [0x000000076bd80000, 0x0000000771d00000, 0x00000007c0000000)
  eden space 32256K, 0% used [0x000000076bd80000,0x000000076bd80000,0x000000076dd00000)
  from space 28160K, 95% used [0x000000076dd00000,0x000000076f724020,0x000000076f880000)
  to   space 31232K, 0% used [0x000000076fe80000,0x000000076fe80000,0x0000000771d00000)
 ParOldGen       total 241152K, used 212683K [0x00000006c3800000, 0x00000006d2380000, 0x000000076bd80000)
  object space 241152K, 88% used [0x00000006c3800000,0x00000006d07b2f30,0x00000006d2380000)
 Metaspace       used 105984K, capacity 111448K, committed 111512K, reserved 1146880K
  class space    used 13189K, capacity 14242K, committed 14248K, reserved 1048576K
}
Event: 62224.765 GC heap before
{Heap before GC invocations=10187 (full 5):
 PSYoungGen      total 60416K, used 59024K [0x000000076bd80000, 0x0000000771d00000, 0x00000007c0000000)
  eden space 32256K, 100% used [0x000000076bd80000,0x000000076dd00000,0x000000076dd00000)
  from space 28160K, 95% used [0x000000076dd00000,0x000000076f724020,0x000000076f880000)
  to   space 31232K, 0% used [0x000000076fe80000,0x000000076fe80000,0x0000000771d00000)
 ParOldGen       total 241152K, used 212683K [0x00000006c3800000, 0x00000006d2380000, 0x000000076bd80000)
  object space 241152K, 88% used [0x00000006c3800000,0x00000006d07b2f30,0x00000006d2380000)
 Metaspace       used 105984K, capacity 111448K, committed 111512K, reserved 1146880K
  class space    used 13189K, capacity 14242K, committed 14248K, reserved 1048576K
Event: 62224.774 GC heap after
Heap after GC invocations=10187 (full 5):
 PSYoungGen      total 63488K, used 28816K [0x000000076bd80000, 0x0000000772380000, 0x00000007c0000000)
  eden space 32256K, 0% used [0x000000076bd80000,0x000000076bd80000,0x000000076dd00000)
  from space 31232K, 92% used [0x000000076fe80000,0x0000000771aa4020,0x0000000771d00000)
  to   space 34304K, 0% used [0x000000076dd00000,0x000000076dd00000,0x000000076fe80000)
 ParOldGen       total 241152K, used 212683K [0x00000006c3800000, 0x00000006d2380000, 0x000000076bd80000)
  object space 241152K, 88% used [0x00000006c3800000,0x00000006d07b2f30,0x00000006d2380000)
 Metaspace       used 105984K, capacity 111448K, committed 111512K, reserved 1146880K
  class space    used 13189K, capacity 14242K, committed 14248K, reserved 1048576K
}

Deoptimization events (0 events):
No events

Classes redefined (0 events):
No events

Internal exceptions (10 events):
Event: 61945.334 Thread 0x0000000026c10800 Exception <a 'java/lang/ArrayIndexOutOfBoundsException'> (0x0000000771f7fbe8) thrown at [C:\re\workspace\8-2-build-windows-amd64-cygwin\jdk8u221\13320\hotspot\src\share\vm\runtime\sharedRuntime.cpp, line 605]
Event: 61945.334 Thread 0x0000000026c10800 Exception <a 'java/lang/ArrayIndexOutOfBoundsException'> (0x0000000771f82730) thrown at [C:\re\workspace\8-2-build-windows-amd64-cygwin\jdk8u221\13320\hotspot\src\share\vm\runtime\sharedRuntime.cpp, line 605]
Event: 61945.334 Thread 0x0000000026c10800 Exception <a 'java/lang/ArrayIndexOutOfBoundsException'> (0x0000000771f88000) thrown at [C:\re\workspace\8-2-build-windows-amd64-cygwin\jdk8u221\13320\hotspot\src\share\vm\runtime\sharedRuntime.cpp, line 605]
Event: 61945.334 Thread 0x0000000026c10800 Exception <a 'java/lang/ArrayIndexOutOfBoundsException'> (0x0000000771f89dd8) thrown at [C:\re\workspace\8-2-build-windows-amd64-cygwin\jdk8u221\13320\hotspot\src\share\vm\runtime\sharedRuntime.cpp, line 605]
Event: 61945.334 Thread 0x0000000026c10800 Exception <a 'java/lang/ArrayIndexOutOfBoundsException'> (0x0000000771f8ba50) thrown at [C:\re\workspace\8-2-build-windows-amd64-cygwin\jdk8u221\13320\hotspot\src\share\vm\runtime\sharedRuntime.cpp, line 605]
Event: 61945.334 Thread 0x0000000026c10800 Exception <a 'java/lang/ArrayIndexOutOfBoundsException'> (0x0000000771f8e598) thrown at [C:\re\workspace\8-2-build-windows-amd64-cygwin\jdk8u221\13320\hotspot\src\share\vm\runtime\sharedRuntime.cpp, line 605]
Event: 61945.369 Thread 0x0000000026c10800 Exception <a 'java/lang/reflect/InvocationTargetException'> (0x0000000772b8b9b8) thrown at [C:\re\workspace\8-2-build-windows-amd64-cygwin\jdk8u221\13320\hotspot\src\share\vm\runtime\reflection.cpp, line 1092]
Event: 61945.369 Thread 0x0000000026c10800 Exception <a 'java/io/FileNotFoundException'> (0x0000000772bd8e70) thrown at [C:\re\workspace\8-2-build-windows-amd64-cygwin\jdk8u221\13320\hotspot\src\share\vm\prims\jni.cpp, line 710]
Event: 61945.385 Thread 0x0000000026c10800 Exception <a 'java/lang/NoClassDefFoundError': liquibase/exception/ChangeLogParseException> (0x0000000772c90eb8) thrown at [C:\re\workspace\8-2-build-windows-amd64-cygwin\jdk8u221\13320\hotspot\src\share\vm\oops\constantPool.cpp, line 245]
Event: 61945.388 Thread 0x0000000026c10800 Exception <a 'java/lang/reflect/InvocationTargetException'> (0x000000077304f568) thrown at [C:\re\workspace\8-2-build-windows-amd64-cygwin\jdk8u221\13320\hotspot\src\share\vm\runtime\reflection.cpp, line 1092]

Events (10 events):
Event: 62223.105 Executing VM operation: ParallelGCFailedAllocation done
Event: 62224.173 Executing VM operation: ParallelGCFailedAllocation
Event: 62224.184 Executing VM operation: ParallelGCFailedAllocation done
Event: 62224.489 Executing VM operation: ParallelGCFailedAllocation
Event: 62224.499 Executing VM operation: ParallelGCFailedAllocation done
Event: 62224.765 Executing VM operation: ParallelGCFailedAllocation
Event: 62224.774 Executing VM operation: ParallelGCFailedAllocation done
Event: 62224.810 Thread 0x0000000026c11800 Thread added: 0x0000000026c11800
Event: 62224.811 Executing VM operation: RevokeBias
Event: 62224.811 Executing VM operation: RevokeBias done


Dynamic libraries:
0x00007ff75a420000 - 0x00007ff75a457000 	C:\Program Files\Java\jdk1.8.0_221\bin\javaw.exe
0x00007ffd260d0000 - 0x00007ffd262c5000 	C:\Windows\SYSTEM32\ntdll.dll
0x00007ffd24980000 - 0x00007ffd24a3e000 	C:\Windows\System32\KERNEL32.DLL
0x00007ffd23c40000 - 0x00007ffd23f08000 	C:\Windows\System32\KERNELBASE.dll
0x00007ffd24af0000 - 0x00007ffd24b9e000 	C:\Windows\System32\ADVAPI32.dll
0x00007ffd248e0000 - 0x00007ffd2497e000 	C:\Windows\System32\msvcrt.dll
0x00007ffd25050000 - 0x00007ffd250ec000 	C:\Windows\System32\sechost.dll
0x00007ffd247b0000 - 0x00007ffd248d5000 	C:\Windows\System32\RPCRT4.dll
0x00007ffd25ef0000 - 0x00007ffd26090000 	C:\Windows\System32\USER32.dll
0x00007ffd23b10000 - 0x00007ffd23b32000 	C:\Windows\System32\win32u.dll
0x00007ffd24ac0000 - 0x00007ffd24aeb000 	C:\Windows\System32\GDI32.dll
0x00007ffd237e0000 - 0x00007ffd238ed000 	C:\Windows\System32\gdi32full.dll
0x00007ffd24080000 - 0x00007ffd2411d000 	C:\Windows\System32\msvcp_win.dll
0x00007ffd23b40000 - 0x00007ffd23c40000 	C:\Windows\System32\ucrtbase.dll
0x00007ffd0e0b0000 - 0x00007ffd0e34a000 	C:\Windows\WinSxS\amd64_microsoft.windows.common-controls_6595b64144ccf1df_6.0.19041.1110_none_60b5254171f9507e\COMCTL32.dll
0x00007ffd25e60000 - 0x00007ffd25e90000 	C:\Windows\System32\IMM32.DLL
0x00000000512c0000 - 0x0000000051392000 	C:\Program Files\Java\jdk1.8.0_221\jre\bin\msvcr100.dll
0x0000000077750000 - 0x0000000077ff5000 	C:\Program Files\Java\jdk1.8.0_221\jre\bin\server\jvm.dll
0x00007ffd25040000 - 0x00007ffd25048000 	C:\Windows\System32\PSAPI.DLL
0x00007ffd18830000 - 0x00007ffd18839000 	C:\Windows\SYSTEM32\WSOCK32.dll
0x00007ffd184f0000 - 0x00007ffd18517000 	C:\Windows\SYSTEM32\WINMM.dll
0x00007ffd25100000 - 0x00007ffd2516b000 	C:\Windows\System32\WS2_32.dll
0x00007ffd1de50000 - 0x00007ffd1de5a000 	C:\Windows\SYSTEM32\VERSION.dll
0x00007ffd03d70000 - 0x00007ffd03d7f000 	C:\Program Files\Java\jdk1.8.0_221\jre\bin\verify.dll
0x00007ffd00d10000 - 0x00007ffd00d39000 	C:\Program Files\Java\jdk1.8.0_221\jre\bin\java.dll
0x00007ffd004b0000 - 0x00007ffd004c6000 	C:\Program Files\Java\jdk1.8.0_221\jre\bin\zip.dll
0x00007ffd255f0000 - 0x00007ffd25d34000 	C:\Windows\System32\SHELL32.dll
0x00007ffd218b0000 - 0x00007ffd22044000 	C:\Windows\SYSTEM32\windows.storage.dll
0x00007ffd25290000 - 0x00007ffd255e5000 	C:\Windows\System32\combase.dll
0x00007ffd23230000 - 0x00007ffd2325e000 	C:\Windows\SYSTEM32\Wldp.dll
0x00007ffd25170000 - 0x00007ffd2521d000 	C:\Windows\System32\SHCORE.dll
0x00007ffd24f10000 - 0x00007ffd24f65000 	C:\Windows\System32\shlwapi.dll
0x00007ffd23720000 - 0x00007ffd2373f000 	C:\Windows\SYSTEM32\profapi.dll
0x00007ffd1a6b0000 - 0x00007ffd1a6bd000 	C:\Program Files\Java\jdk1.8.0_221\jre\bin\management.dll
0x00007ffcfae20000 - 0x00007ffcfae3a000 	C:\Program Files\Java\jdk1.8.0_221\jre\bin\net.dll
0x00007ffd1de60000 - 0x00007ffd1e04b000 	C:\Windows\SYSTEM32\urlmon.dll
0x00007ffd22d90000 - 0x00007ffd22d9c000 	C:\Windows\SYSTEM32\netutils.dll
0x00007ffd1ced0000 - 0x00007ffd1d181000 	C:\Windows\SYSTEM32\iertutil.dll
0x00007ffd1d2e0000 - 0x00007ffd1d308000 	C:\Windows\SYSTEM32\srvcli.dll
0x00007ffd22f90000 - 0x00007ffd22ffa000 	C:\Windows\system32\mswsock.dll
0x00007ffcfaa50000 - 0x00007ffcfaa62000 	C:\Program Files\Java\jdk1.8.0_221\jre\bin\nio.dll
0x00007ffd0c450000 - 0x00007ffd0c467000 	C:\Windows\system32\napinsp.dll
0x00007ffd0c430000 - 0x00007ffd0c44b000 	C:\Windows\system32\pnrpnsp.dll
0x00007ffd0c3e0000 - 0x00007ffd0c3f5000 	C:\Windows\system32\wshbth.dll
0x00007ffd20e70000 - 0x00007ffd20e8d000 	C:\Windows\system32\NLAapi.dll
0x00007ffd22c30000 - 0x00007ffd22c6b000 	C:\Windows\SYSTEM32\IPHLPAPI.DLL
0x00007ffd22c70000 - 0x00007ffd22d3b000 	C:\Windows\SYSTEM32\DNSAPI.dll
0x00007ffd250f0000 - 0x00007ffd250f8000 	C:\Windows\System32\NSI.dll
0x00007ffd0c3c0000 - 0x00007ffd0c3d2000 	C:\Windows\System32\winrnr.dll
0x00007ffd1d420000 - 0x00007ffd1d42a000 	C:\Windows\System32\rasadhlp.dll
0x00007ffd1f060000 - 0x00007ffd1f0df000 	C:\Windows\System32\fwpuclnt.dll
0x00007ffd23fa0000 - 0x00007ffd23fc7000 	C:\Windows\System32\bcrypt.dll
0x00007ffd23180000 - 0x00007ffd23198000 	C:\Windows\SYSTEM32\CRYPTSP.dll
0x00007ffd228a0000 - 0x00007ffd228d4000 	C:\Windows\system32\rsaenh.dll
0x00007ffd236e0000 - 0x00007ffd2370e000 	C:\Windows\SYSTEM32\USERENV.dll
0x00007ffd23f10000 - 0x00007ffd23f92000 	C:\Windows\System32\bcryptprimitives.dll
0x00007ffd231a0000 - 0x00007ffd231ac000 	C:\Windows\SYSTEM32\CRYPTBASE.dll
0x00007ffd1ea90000 - 0x00007ffd1eaa7000 	C:\Windows\SYSTEM32\dhcpcsvc6.DLL
0x00007ffd1ea70000 - 0x00007ffd1ea8d000 	C:\Windows\SYSTEM32\dhcpcsvc.DLL
0x00007ffce2fc0000 - 0x00007ffce3159000 	C:\Program Files\Java\jdk1.8.0_221\jre\bin\awt.dll
0x00007ffd24db0000 - 0x00007ffd24e7d000 	C:\Windows\System32\OLEAUT32.dll
0x00007ffd20fe0000 - 0x00007ffd21070000 	C:\Windows\SYSTEM32\apphelp.dll
0x00007ffce7360000 - 0x00007ffce73a9000 	C:\Program Files\Java\jdk1.8.0_221\jre\bin\fontmanager.dll
0x00007ffce6e20000 - 0x00007ffce6e62000 	C:\Program Files\Java\jdk1.8.0_221\jre\bin\t2k.dll
0x00007ffd035e0000 - 0x00007ffd03604000 	C:\Program Files\Java\jdk1.8.0_221\jre\bin\sunec.dll
0x00007ffd034c0000 - 0x00007ffd034cb000 	C:\Program Files\Java\jdk1.8.0_221\jre\bin\sunmscapi.dll
0x00007ffd23940000 - 0x00007ffd23a96000 	C:\Windows\System32\CRYPT32.dll
0x00007ffd12ad0000 - 0x00007ffd12cb4000 	C:\Windows\SYSTEM32\dbghelp.dll

VM Arguments:
jvm_args: -Dcom.sun.management.jmxremote -Dcom.sun.management.jmxremote.port=52270 -Dcom.sun.management.jmxremote.authenticate=false -Dcom.sun.management.jmxremote.ssl=false -Djava.rmi.server.hostname=localhost -Dspring.jmx.enabled=true -Dspring.liveBeansView.mbeanDomain -Dspring.application.admin.enabled=true -Xverify:none -XX:TieredStopAtLevel=1 -Dspring.boot.project.name=email_service_Afcat_ICGSailor_ICGOfficer -Dfile.encoding=UTF-8 
java_command: gov.cdac.emailservice.email_service_Afcat_ICGSailor_ICGOfficer_application
java_class_path (initial): C:\Users\shanurj\Desktop\EmailSMS\SMS_Email_Project\email_service_Afcat_ICGSailor_ICGOfficer\target\classes;C:\Users\shanurj\.m2\repository\org\springframework\boot\spring-boot-starter-data-jpa\2.4.4\spring-boot-starter-data-jpa-2.4.4.jar;C:\Users\shanurj\.m2\repository\org\springframework\boot\spring-boot-starter-aop\2.4.4\spring-boot-starter-aop-2.4.4.jar;C:\Users\shanurj\.m2\repository\org\aspectj\aspectjweaver\1.9.6\aspectjweaver-1.9.6.jar;C:\Users\shanurj\.m2\repository\org\springframework\boot\spring-boot-starter-jdbc\2.4.4\spring-boot-starter-jdbc-2.4.4.jar;C:\Users\shanurj\.m2\repository\com\zaxxer\HikariCP\3.4.5\HikariCP-3.4.5.jar;C:\Users\shanurj\.m2\repository\org\springframework\spring-jdbc\5.3.5\spring-jdbc-5.3.5.jar;C:\Users\shanurj\.m2\repository\jakarta\transaction\jakarta.transaction-api\1.3.3\jakarta.transaction-api-1.3.3.jar;C:\Users\shanurj\.m2\repository\jakarta\persistence\jakarta.persistence-api\2.2.3\jakarta.persistence-api-2.2.3.jar;C:\Users\shanurj\.m2\repository\org\hibernate\hibernate-core\5.4.29.Final\hibernate-core-5.4.29.Final.jar;C:\Users\shanurj\.m2\repository\org\jboss\logging\jboss-logging\3.4.1.Final\jboss-logging-3.4.1.Final.jar;C:\Users\shanurj\.m2\repository\org\javassist\javassist\3.27.0-GA\javassist-3.27.0-GA.jar;C:\Users\shanurj\.m2\repository\net\bytebuddy\byte-buddy\1.10.22\byte-buddy-1.10.22.jar;C:\Users\shanurj\.m2\repository\antlr\antlr\2.7.7\antlr-2.7.7.jar;C:\Users\shanurj\.m2\repository\org\jboss\jandex\2.2.3.Final\jandex-2.2.3.Final.jar;C:\Users\shanurj\.m2\repository\com\fasterxml\classmate\1.5.1\classmate-1.5.1.jar;C:\Users\shanurj\.m2\repository\org\dom4j\dom4j\2.1.3\dom4j-2.1.3.jar;C:\Users\shanurj\.m2\repository\org\hibernate\common\hibernate-commons-annotations\5.1.2.Final\hibernate-commons-annotations-5.1.2.Final.jar;C:\Users\shanurj\.m2\repository\org\glassfish\jaxb\jaxb-runtime\2.3.3\jaxb-runtime-2.3.3.jar;C:\Users\shanurj\.m2\repository\org\glassfish\jaxb\txw2\2.3.3\txw2-2.3.3.
Launcher Type: SUN_STANDARD

Environment Variables:
PATH=C:/Program Files/Java/jdk1.8.0_221/bin/../jre/bin/server;C:/Program Files/Java/jdk1.8.0_221/bin/../jre/bin;C:/Program Files/Java/jdk1.8.0_221/bin/../jre/lib/amd64;C:\Program Files\Java\jdk1.8.0_221\bin;C:\Windows\system32;C:\Windows;C:\Windows\System32\Wbem;C:\Windows\System32\WindowsPowerShell\v1.0\;C:\Windows\System32\OpenSSH\;C:\Program Files\Git\cmd;C:\Program Files\Microsoft SQL Server\130\Tools\Binn\;C:\Program Files\dotnet\;C:\Program Files\Microsoft SQL Server\Client SDK\ODBC\170\Tools\Binn\;C:\Program Files (x86)\Microsoft SQL Server\150\DTS\Binn\;C:\Users\shanurj\AppData\Local\Programs\Python\Python39\Scripts\;C:\Users\shanurj\AppData\Local\Programs\Python\Python39\;C:\Users\shanurj\AppData\Local\Microsoft\WindowsApps;C:\Users\shanurj\AppData\Local\Programs\Microsoft VS Code\bin;C:\Users\shanurj\AppData\Local\Programs\Python\Python39;C:\Users\shanurj\AppData\Local\Programs\Python\Python39\Lib;C:\Users\shanurj\.dotnet\tools;C:\Users\shanurj\Downloads\eclipse-jee-2019-06-R-win32-x86_64\eclipse;
USERNAME=shanurj
OS=Windows_NT
PROCESSOR_IDENTIFIER=Intel64 Family 6 Model 158 Stepping 10, GenuineIntel



---------------  S Y S T E M  ---------------

OS: Windows 10.0 , 64 bit Build 19041 (10.0.19041.1503)

CPU:total 12 (initial active 12) (6 cores per cpu, 2 threads per core) family 6 model 158 stepping 10, cmov, cx8, fxsr, mmx, sse, sse2, sse3, ssse3, sse4.1, sse4.2, popcnt, avx, avx2, aes, clmul, erms, rtm, 3dnowpref, lzcnt, ht, tsc, tscinvbit, bmi1, bmi2, adx

Memory: 4k page, physical 16545952k(6305048k free), swap 33091904k(17168904k free)

vm_info: Java HotSpot(TM) 64-Bit Server VM (25.221-b11) for windows-amd64 JRE (1.8.0_221-b11), built on Jul  4 2019 04:39:29 by "java_re" with MS VC++ 10.0 (VS2010)

time: Wed Apr 13 10:06:28 2022
timezone: India Standard Time
elapsed time: 62224 seconds (0d 17h 17m 4s)

